C:\USERS\SWAP\DESKTOP\MOEDERN_CRYP_PROJECT\AES_DECRYPT\AES_DECRYPT\AES_DECRYPT\AES_CRYPTOPP\DEBUG\AES_DECRYPT.OBJ
C:\USERS\SWAP\DESKTOP\MOEDERN_CRYP_PROJECT\AES_DECRYPT\AES_DECRYPT\AES_DECRYPT\AES_CRYPTOPP\DEBUG\STDAFX.OBJ
C:\USERS\SWAP\DESKTOP\MOEDERN_CRYP_PROJECT\AES_DECRYPT\AES_DECRYPT\AES_DECRYPT\AES_CRYPTOPP\DEBUG\VC110.PDB
C:\USERS\SWAP\DESKTOP\MOEDERN_CRYP_PROJECT\AES_DECRYPT\AES_DECRYPT\AES_DECRYPT\DEBUG\AES_DECRYPT.ILK
C:\USERS\SWAP\DESKTOP\MOEDERN_CRYP_PROJECT\AES_DECRYPT\AES_DECRYPT\AES_DECRYPT\DEBUG\AES_DECRYPT.EXE
C:\USERS\SWAP\DESKTOP\MOEDERN_CRYP_PROJECT\AES_DECRYPT\AES_DECRYPT\AES_DECRYPT\DEBUG\AES_DECRYPT.PDB
C:\Users\swap\Desktop\Moedern_cryp_project\AES_Decrypt\AES_Decrypt\AES_Decrypt\AES_CryptoPP\Debug\AES_Decrypt.obj
C:\Users\swap\Desktop\Moedern_cryp_project\AES_Decrypt\AES_Decrypt\AES_Decrypt\AES_CryptoPP\Debug\stdafx.obj
C:\Users\swap\Desktop\Moedern_cryp_project\AES_Decrypt\AES_Decrypt\AES_Decrypt\AES_CryptoPP\Debug\cl.command.1.tlog
C:\Users\swap\Desktop\Moedern_cryp_project\AES_Decrypt\AES_Decrypt\AES_Decrypt\AES_CryptoPP\Debug\CL.read.1.tlog
C:\Users\swap\Desktop\Moedern_cryp_project\AES_Decrypt\AES_Decrypt\AES_Decrypt\AES_CryptoPP\Debug\CL.write.1.tlog
C:\Users\swap\Desktop\Moedern_cryp_project\AES_Decrypt\AES_Decrypt\AES_Decrypt\AES_CryptoPP\Debug\link-cvtres.read.1.tlog
C:\Users\swap\Desktop\Moedern_cryp_project\AES_Decrypt\AES_Decrypt\AES_Decrypt\AES_CryptoPP\Debug\link-cvtres.write.1.tlog
C:\Users\swap\Desktop\Moedern_cryp_project\AES_Decrypt\AES_Decrypt\AES_Decrypt\AES_CryptoPP\Debug\link-rc.read.1.tlog
C:\Users\swap\Desktop\Moedern_cryp_project\AES_Decrypt\AES_Decrypt\AES_Decrypt\AES_CryptoPP\Debug\link-rc.write.1.tlog
C:\Users\swap\Desktop\Moedern_cryp_project\AES_Decrypt\AES_Decrypt\AES_Decrypt\AES_CryptoPP\Debug\link.command.1.tlog
C:\Users\swap\Desktop\Moedern_cryp_project\AES_Decrypt\AES_Decrypt\AES_Decrypt\AES_CryptoPP\Debug\link.read.1.tlog
C:\Users\swap\Desktop\Moedern_cryp_project\AES_Decrypt\AES_Decrypt\AES_Decrypt\AES_CryptoPP\Debug\link.write.1.tlog
C:\Users\swap\Desktop\Moedern_cryp_project\AES_Decrypt\AES_Decrypt\AES_Decrypt\AES_CryptoPP\Debug\vc110.idb
C:\Users\swap\Desktop\Moedern_cryp_project\AES_Decrypt\AES_Decrypt\AES_Decrypt\AES_CryptoPP\Debug\vc110.pdb
C:\Users\swap\Desktop\Moedern_cryp_project\AES_Decrypt\AES_Decrypt\AES_Decrypt\Debug\AES_Decrypt.pdb
C:\Users\swap\Desktop\Moedern_cryp_project\AES_Decrypt\AES_Decrypt\AES_Decrypt\Debug\AES_Decrypt.exe
C:\Users\swap\Desktop\Moedern_cryp_project\AES_Decrypt\AES_Decrypt\AES_Decrypt\Debug\AES_Decrypt.ilk
