E:\DROPBOX\DROPBOX\AES_CRYPTOPP\AES_CRYPTOPP\DEBUG\AES_CRYPTOPP.OBJ
E:\DROPBOX\DROPBOX\AES_CRYPTOPP\AES_CRYPTOPP\DEBUG\STDAFX.OBJ
E:\DROPBOX\DROPBOX\AES_CRYPTOPP\AES_CRYPTOPP\DEBUG\VC110.PDB
E:\DROPBOX\DROPBOX\AES_CRYPTOPP\DEBUG\AES_CRYPTOPP.ILK
E:\DROPBOX\DROPBOX\AES_CRYPTOPP\DEBUG\AES_CRYPTOPP.EXE
E:\DROPBOX\DROPBOX\AES_CRYPTOPP\DEBUG\AES_CRYPTOPP.PDB
E:\dropbox\Dropbox\AES_CryptoPP\AES_CryptoPP\Debug\AES_CryptoPP.obj
E:\dropbox\Dropbox\AES_CryptoPP\AES_CryptoPP\Debug\stdafx.obj
E:\dropbox\Dropbox\AES_CryptoPP\AES_CryptoPP\Debug\cl.command.1.tlog
E:\dropbox\Dropbox\AES_CryptoPP\AES_CryptoPP\Debug\CL.read.1.tlog
E:\dropbox\Dropbox\AES_CryptoPP\AES_CryptoPP\Debug\CL.write.1.tlog
E:\dropbox\Dropbox\AES_CryptoPP\AES_CryptoPP\Debug\link-cvtres.read.1.tlog
E:\dropbox\Dropbox\AES_CryptoPP\AES_CryptoPP\Debug\link-cvtres.write.1.tlog
E:\dropbox\Dropbox\AES_CryptoPP\AES_CryptoPP\Debug\link-rc.read.1.tlog
E:\dropbox\Dropbox\AES_CryptoPP\AES_CryptoPP\Debug\link-rc.write.1.tlog
E:\dropbox\Dropbox\AES_CryptoPP\AES_CryptoPP\Debug\link.command.1.tlog
E:\dropbox\Dropbox\AES_CryptoPP\AES_CryptoPP\Debug\link.read.1.tlog
E:\dropbox\Dropbox\AES_CryptoPP\AES_CryptoPP\Debug\link.write.1.tlog
E:\dropbox\Dropbox\AES_CryptoPP\AES_CryptoPP\Debug\vc110.idb
E:\dropbox\Dropbox\AES_CryptoPP\AES_CryptoPP\Debug\vc110.pdb
E:\dropbox\Dropbox\AES_CryptoPP\Debug\AES_CryptoPP.pdb
E:\dropbox\Dropbox\AES_CryptoPP\Debug\AES_CryptoPP.exe
E:\dropbox\Dropbox\AES_CryptoPP\Debug\AES_CryptoPP.ilk
