C:\USERS\SWAP\DESKTOP\MOEDERN_CRYP_PROJECT\AES_ENCRYPT\AES_ENCRYPT\AES_CRYPTOPP\DEBUG\AES_ENCRYPT.OBJ
C:\USERS\SWAP\DESKTOP\MOEDERN_CRYP_PROJECT\AES_ENCRYPT\AES_ENCRYPT\AES_CRYPTOPP\DEBUG\STDAFX.OBJ
C:\USERS\SWAP\DESKTOP\MOEDERN_CRYP_PROJECT\AES_ENCRYPT\AES_ENCRYPT\AES_CRYPTOPP\DEBUG\VC110.PDB
C:\USERS\SWAP\DESKTOP\MOEDERN_CRYP_PROJECT\AES_ENCRYPT\AES_ENCRYPT\DEBUG\AES_ENCRYPT.ILK
C:\USERS\SWAP\DESKTOP\MOEDERN_CRYP_PROJECT\AES_ENCRYPT\AES_ENCRYPT\DEBUG\AES_ENCRYPT.EXE
C:\USERS\SWAP\DESKTOP\MOEDERN_CRYP_PROJECT\AES_ENCRYPT\AES_ENCRYPT\DEBUG\AES_ENCRYPT.PDB
C:\Users\swap\Desktop\Moedern_cryp_project\AES_encrypt\AES_encrypt\AES_CryptoPP\Debug\AES_Encrypt.obj
C:\Users\swap\Desktop\Moedern_cryp_project\AES_encrypt\AES_encrypt\AES_CryptoPP\Debug\stdafx.obj
C:\Users\swap\Desktop\Moedern_cryp_project\AES_encrypt\AES_encrypt\AES_CryptoPP\Debug\cl.command.1.tlog
C:\Users\swap\Desktop\Moedern_cryp_project\AES_encrypt\AES_encrypt\AES_CryptoPP\Debug\CL.read.1.tlog
C:\Users\swap\Desktop\Moedern_cryp_project\AES_encrypt\AES_encrypt\AES_CryptoPP\Debug\CL.write.1.tlog
C:\Users\swap\Desktop\Moedern_cryp_project\AES_encrypt\AES_encrypt\AES_CryptoPP\Debug\link-cvtres.read.1.tlog
C:\Users\swap\Desktop\Moedern_cryp_project\AES_encrypt\AES_encrypt\AES_CryptoPP\Debug\link-cvtres.write.1.tlog
C:\Users\swap\Desktop\Moedern_cryp_project\AES_encrypt\AES_encrypt\AES_CryptoPP\Debug\link-rc.read.1.tlog
C:\Users\swap\Desktop\Moedern_cryp_project\AES_encrypt\AES_encrypt\AES_CryptoPP\Debug\link-rc.write.1.tlog
C:\Users\swap\Desktop\Moedern_cryp_project\AES_encrypt\AES_encrypt\AES_CryptoPP\Debug\link.10036-cvtres.read.1.tlog
C:\Users\swap\Desktop\Moedern_cryp_project\AES_encrypt\AES_encrypt\AES_CryptoPP\Debug\link.10036-cvtres.write.1.tlog
C:\Users\swap\Desktop\Moedern_cryp_project\AES_encrypt\AES_encrypt\AES_CryptoPP\Debug\link.10036-rc.read.1.tlog
C:\Users\swap\Desktop\Moedern_cryp_project\AES_encrypt\AES_encrypt\AES_CryptoPP\Debug\link.10036-rc.write.1.tlog
C:\Users\swap\Desktop\Moedern_cryp_project\AES_encrypt\AES_encrypt\AES_CryptoPP\Debug\link.10036.read.1.tlog
C:\Users\swap\Desktop\Moedern_cryp_project\AES_encrypt\AES_encrypt\AES_CryptoPP\Debug\link.10036.write.1.tlog
C:\Users\swap\Desktop\Moedern_cryp_project\AES_encrypt\AES_encrypt\AES_CryptoPP\Debug\link.12028-cvtres.read.1.tlog
C:\Users\swap\Desktop\Moedern_cryp_project\AES_encrypt\AES_encrypt\AES_CryptoPP\Debug\link.12028-cvtres.write.1.tlog
C:\Users\swap\Desktop\Moedern_cryp_project\AES_encrypt\AES_encrypt\AES_CryptoPP\Debug\link.12028-rc.read.1.tlog
C:\Users\swap\Desktop\Moedern_cryp_project\AES_encrypt\AES_encrypt\AES_CryptoPP\Debug\link.12028-rc.write.1.tlog
C:\Users\swap\Desktop\Moedern_cryp_project\AES_encrypt\AES_encrypt\AES_CryptoPP\Debug\link.12028.read.1.tlog
C:\Users\swap\Desktop\Moedern_cryp_project\AES_encrypt\AES_encrypt\AES_CryptoPP\Debug\link.12028.write.1.tlog
C:\Users\swap\Desktop\Moedern_cryp_project\AES_encrypt\AES_encrypt\AES_CryptoPP\Debug\link.7040-cvtres.read.1.tlog
C:\Users\swap\Desktop\Moedern_cryp_project\AES_encrypt\AES_encrypt\AES_CryptoPP\Debug\link.7040-cvtres.write.1.tlog
C:\Users\swap\Desktop\Moedern_cryp_project\AES_encrypt\AES_encrypt\AES_CryptoPP\Debug\link.7040-rc.read.1.tlog
C:\Users\swap\Desktop\Moedern_cryp_project\AES_encrypt\AES_encrypt\AES_CryptoPP\Debug\link.7040-rc.write.1.tlog
C:\Users\swap\Desktop\Moedern_cryp_project\AES_encrypt\AES_encrypt\AES_CryptoPP\Debug\link.7040.read.1.tlog
C:\Users\swap\Desktop\Moedern_cryp_project\AES_encrypt\AES_encrypt\AES_CryptoPP\Debug\link.7040.write.1.tlog
C:\Users\swap\Desktop\Moedern_cryp_project\AES_encrypt\AES_encrypt\AES_CryptoPP\Debug\link.7336-cvtres.read.1.tlog
C:\Users\swap\Desktop\Moedern_cryp_project\AES_encrypt\AES_encrypt\AES_CryptoPP\Debug\link.7336-cvtres.write.1.tlog
C:\Users\swap\Desktop\Moedern_cryp_project\AES_encrypt\AES_encrypt\AES_CryptoPP\Debug\link.7336-rc.read.1.tlog
C:\Users\swap\Desktop\Moedern_cryp_project\AES_encrypt\AES_encrypt\AES_CryptoPP\Debug\link.7336-rc.write.1.tlog
C:\Users\swap\Desktop\Moedern_cryp_project\AES_encrypt\AES_encrypt\AES_CryptoPP\Debug\link.7336.read.1.tlog
C:\Users\swap\Desktop\Moedern_cryp_project\AES_encrypt\AES_encrypt\AES_CryptoPP\Debug\link.7336.write.1.tlog
C:\Users\swap\Desktop\Moedern_cryp_project\AES_encrypt\AES_encrypt\AES_CryptoPP\Debug\link.7616-cvtres.read.1.tlog
C:\Users\swap\Desktop\Moedern_cryp_project\AES_encrypt\AES_encrypt\AES_CryptoPP\Debug\link.7616-cvtres.write.1.tlog
C:\Users\swap\Desktop\Moedern_cryp_project\AES_encrypt\AES_encrypt\AES_CryptoPP\Debug\link.7616-rc.read.1.tlog
C:\Users\swap\Desktop\Moedern_cryp_project\AES_encrypt\AES_encrypt\AES_CryptoPP\Debug\link.7616-rc.write.1.tlog
C:\Users\swap\Desktop\Moedern_cryp_project\AES_encrypt\AES_encrypt\AES_CryptoPP\Debug\link.7616.read.1.tlog
C:\Users\swap\Desktop\Moedern_cryp_project\AES_encrypt\AES_encrypt\AES_CryptoPP\Debug\link.7616.write.1.tlog
C:\Users\swap\Desktop\Moedern_cryp_project\AES_encrypt\AES_encrypt\AES_CryptoPP\Debug\link.8380-cvtres.read.1.tlog
C:\Users\swap\Desktop\Moedern_cryp_project\AES_encrypt\AES_encrypt\AES_CryptoPP\Debug\link.8380-cvtres.write.1.tlog
C:\Users\swap\Desktop\Moedern_cryp_project\AES_encrypt\AES_encrypt\AES_CryptoPP\Debug\link.8380-rc.read.1.tlog
C:\Users\swap\Desktop\Moedern_cryp_project\AES_encrypt\AES_encrypt\AES_CryptoPP\Debug\link.8380-rc.write.1.tlog
C:\Users\swap\Desktop\Moedern_cryp_project\AES_encrypt\AES_encrypt\AES_CryptoPP\Debug\link.8380.read.1.tlog
C:\Users\swap\Desktop\Moedern_cryp_project\AES_encrypt\AES_encrypt\AES_CryptoPP\Debug\link.8380.write.1.tlog
C:\Users\swap\Desktop\Moedern_cryp_project\AES_encrypt\AES_encrypt\AES_CryptoPP\Debug\link.command.1.tlog
C:\Users\swap\Desktop\Moedern_cryp_project\AES_encrypt\AES_encrypt\AES_CryptoPP\Debug\link.read.1.tlog
C:\Users\swap\Desktop\Moedern_cryp_project\AES_encrypt\AES_encrypt\AES_CryptoPP\Debug\link.write.1.tlog
C:\Users\swap\Desktop\Moedern_cryp_project\AES_encrypt\AES_encrypt\AES_CryptoPP\Debug\vc110.idb
C:\Users\swap\Desktop\Moedern_cryp_project\AES_encrypt\AES_encrypt\AES_CryptoPP\Debug\vc110.pdb
C:\Users\swap\Desktop\Moedern_cryp_project\AES_encrypt\AES_encrypt\Debug\aes_encrypt.pdb
C:\Users\swap\Desktop\Moedern_cryp_project\AES_encrypt\AES_encrypt\Debug\aes_encrypt.exe
C:\Users\swap\Desktop\Moedern_cryp_project\AES_encrypt\AES_encrypt\Debug\aes_encrypt.ilk
